<?xml version="1.0" encoding="UTF-8"?>
<testsuite xmlns:xsi="http://www.w3.org/2001/XMLSchema-instance" xsi:noNamespaceSchemaLocation="https://maven.apache.org/surefire/maven-surefire-plugin/xsd/surefire-test-report.xsd" version="3.0.2" name="com.dev.demoproject.dataservice.DataServiceApplicationTests" time="0.015" tests="1" errors="0" skipped="0" failures="0">
  <properties>
[...]
</properties>
  <testcase name="contextLoads" classname="com.dev.demoproject.dataservice.DataServiceApplicationTests" time="0.0">
    <system-out><![CDATA[2024-12-31T18:25:02.229+05:30  INFO 24312 --- [DataService] [           main] t.c.s.AnnotationConfigContextLoaderUtils : Could not detect default configuration classes for test class [com.dev.demoproject.dataservice.DataServiceApplicationTests]: DataServiceApplicationTests does not declare any static, non-private, non-final, nested classes annotated with @Configuration.
2024-12-31T18:25:02.229+05:30  INFO 24312 --- [DataService] [           main] .b.t.c.SpringBootTestContextBootstrapper : Found @SpringBootConfiguration com.dev.demoproject.dataservice.DataServiceApplication for test class com.dev.demoproject.dataservice.DataServiceApplicationTests
]]></system-out>
  </testcase>
</testsuite>